2025-12-16 19:16:57 Loading main app package /usr/lib/obsidian/obsidian.asar
2025-12-16 19:16:57 Checking for update using Github
2025-12-16 19:16:57 Success.
2025-12-16 19:16:57 Latest version is 1.10.6
2025-12-16 19:16:57 App is up to date.
2025-12-17 21:41:09 Loading main app package /usr/lib/obsidian/obsidian.asar
2025-12-17 21:41:09 Checking for update using Github
2025-12-17 21:41:09 Success.
2025-12-17 21:41:09 Latest version is 1.10.6
2025-12-17 21:41:09 App is up to date.
2025-12-19 07:09:01 Loading main app package /usr/lib/obsidian/obsidian.asar
2025-12-19 07:09:01 Checking for update using Github
2025-12-19 07:09:02 Success.
2025-12-19 07:09:02 Latest version is 1.10.6
2025-12-19 07:09:02 App is up to date.
2025-12-23 17:46:46 Loading main app package /usr/lib/obsidian/obsidian.asar
2025-12-23 17:46:46 Checking for update using Github
2025-12-23 17:46:46 Success.
2025-12-23 17:46:46 Latest version is 1.10.6
2025-12-23 17:46:46 App is up to date.
2025-12-23 18:46:46 Checking for update using Github
2025-12-23 18:46:46 Success.
2025-12-23 18:46:46 Latest version is 1.10.6
2025-12-23 18:46:46 App is up to date.
2025-12-23 19:46:46 Checking for update using Github
2025-12-23 19:46:46 Success.
2025-12-23 19:46:46 Latest version is 1.10.6
2025-12-23 19:46:46 App is up to date.
2025-12-23 20:29:04 Loading main app package /usr/lib/obsidian/obsidian.asar
2025-12-23 20:29:04 Checking for update using Github
2025-12-23 20:29:05 Success.
2025-12-23 20:29:05 Latest version is 1.10.6
2025-12-23 20:29:05 App is up to date.
2025-12-23 20:47:52 Loading main app package /usr/lib/obsidian/obsidian.asar
2025-12-23 20:47:52 Checking for update using Github
2025-12-23 20:47:53 Success.
2025-12-23 20:47:53 Latest version is 1.10.6
2025-12-23 20:47:53 App is up to date.
2025-12-23 20:56:53 Loading main app package /usr/lib/obsidian/obsidian.asar
2025-12-23 20:56:53 Checking for update using Github
2025-12-23 20:56:53 Success.
2025-12-23 20:56:53 Latest version is 1.10.6
2025-12-23 20:56:53 App is up to date.
2025-12-23 21:04:30 Loading main app package /usr/lib/obsidian/obsidian.asar
2025-12-23 21:04:30 Checking for update using Github
2025-12-23 21:04:31 Success.
2025-12-23 21:04:31 Latest version is 1.10.6
2025-12-23 21:04:31 App is up to date.
2025-12-23 21:04:49 Loading main app package /usr/lib/obsidian/obsidian.asar
2025-12-23 21:04:50 Checking for update using Github
2025-12-23 21:04:50 Success.
2025-12-23 21:04:50 Latest version is 1.10.6
2025-12-23 21:04:50 App is up to date.
